Environment variables:
  - =::=::\
  - =C:=C:\Users\ASUS
  - =F:=F:\pydj
  - ALLUSERSPROFILE=C:\ProgramData
  - APPDATA=C:\Users\ASUS\AppData\Roaming
  - Android_home=D:\Program Files\android-sdk-windows
  - CLASSPATH=.;D:\Program Files\Java\jdk1.8\lib\dt.jar;D:\Program Files\Java\jdk1.8\lib\tools.jar;
  - COMPUTERNAME=DESKTOP-IOQ4SKJ
  - ComSpec=C:\WINDOWS\system32\cmd.exe
  - CommonProgramFiles=C:\Program Files\Common Files
  - CommonProgramFiles(x86)=C:\Program Files (x86)\Common Files
  - CommonProgramW6432=C:\Program Files\Common Files
  - DriverData=C:\Windows\System32\Drivers\DriverData
  - ERROR_CODE=0
  - HOMEDRIVE=C:
  - HOMEPATH=\Users\ASUS
  - JAVA_EXEC="F:\sonar-scanner-3.0.3.778-windows\bin\..\jre\bin\java.exe"
  - JAVA_HOME=F:\sonar-scanner-3.0.3.778-windows\bin\..\jre
  - LOCALAPPDATA=C:\Users\ASUS\AppData\Local
  - LOGONSERVER=\\DESKTOP-IOQ4SKJ
  - NUMBER_OF_PROCESSORS=8
  - OS=Windows_NT
  - OneDrive=C:\Users\ASUS\OneDrive
  - PATHEXT=.COM;.EXE;.BAT;.CMD;.VBS;.VBE;.JS;.JSE;.WSF;.WSH;.MSC
  - PROCESSOR_ARCHITECTURE=AMD64
  - PROCESSOR_IDENTIFIER=Intel64 Family 6 Model 60 Stepping 3, GenuineIntel
  - PROCESSOR_LEVEL=6
  - PROCESSOR_REVISION=3c03
  - PROJECT_HOME=F:\pydj
  - PROMPT=$P$G
  - PSModulePath=C:\Program Files\WindowsPowerShell\Modules;C:\WINDOWS\system32\WindowsPowerShell\v1.0\Modules
  - PUBLIC=C:\Users\Public
  - Path=D:\Program Files\Java\jdk1.8\bin;D:\Program Files\Java\jdk1.8\jre\bin;D:\Program Files\android-sdk-windows\platform-tools;D:\Program Files\android-sdk-windows\tools;D:\python3.6;D:\python3.6\Scripts;D:\dirver;D:\Program Files\nodejs\;D:\Program Files (x86)\Appium\node_modules\.bin;C:\Windows\System32;C:\Windows;D:\Program Files\android-sdk-windows\build-tools\27.0.3;D:\Program Files\android-sdk-windows;C:\WINDOWS\system32;C:\WINDOWS;C:\WINDOWS\System32\Wbem;C:\WINDOWS\System32\WindowsPowerShell\v1.0\;C:\WINDOWS\System32\OpenSSH\;d:\Program Files (x86)\Tesseract-OCR;d:\Program Files\Git\cmd;D:\Program Files\MySQL\MySQL-Server5.7\bin;F:\sonar-scanner-3.0.3.778-windows\bin;D:\test\Scripts\;D:\test\;C:\Users\ASUS\AppData\Local\Microsoft\WindowsApps;D:\Program Files\Fiddler;C:\Users\ASUS\AppData\Roaming\npm;C:\Users\ASUS\AppData\Local\Microsoft\WindowsApps;C:\Users\ASUS\AppData\Local\GitHubDesktop\bin
  - ProgramData=C:\ProgramData
  - ProgramFiles=C:\Program Files
  - ProgramFiles(x86)=C:\Program Files (x86)
  - ProgramW6432=C:\Program Files
  - SESSIONNAME=Console
  - SONAR_SCANNER_HOME=F:\sonar-scanner-3.0.3.778-windows\bin\..
  - SystemDrive=C:
  - SystemRoot=C:\WINDOWS
  - TEMP=C:\Users\ASUS\AppData\Local\Temp
  - TESSDATA_PREFIX=d:\Program Files (x86)\Tesseract-OCR\
  - TMP=C:\Users\ASUS\AppData\Local\Temp
  - USERDOMAIN=DESKTOP-IOQ4SKJ
  - USERDOMAIN_ROAMINGPROFILE=DESKTOP-IOQ4SKJ
  - USERNAME=ASUS
  - USERPROFILE=C:\Users\ASUS
  - VBOX_MSI_INSTALL_PATH=D:\Program Files\Oracle\VirtualBox\
  - asl.log=Destination=file
  - scriptdir=F:\sonar-scanner-3.0.3.778-windows\bin
  - use_embedded_jre=true
  - windir=C:\WINDOWS
System properties:
  - awt.toolkit=sun.awt.windows.WToolkit
  - file.encoding=GBK
  - file.encoding.pkg=sun.io
  - file.separator=\
  - java.awt.graphicsenv=sun.awt.Win32GraphicsEnvironment
  - java.awt.headless=true
  - java.awt.printerjob=sun.awt.windows.WPrinterJob
  - java.class.path=F:\sonar-scanner-3.0.3.778-windows\bin\..\lib\sonar-scanner-cli-3.0.3.778.jar
  - java.class.version=52.0
  - java.endorsed.dirs=F:\sonar-scanner-3.0.3.778-windows\jre\lib\endorsed
  - java.ext.dirs=F:\sonar-scanner-3.0.3.778-windows\jre\lib\ext;C:\WINDOWS\Sun\Java\lib\ext
  - java.home=F:\sonar-scanner-3.0.3.778-windows\jre
  - java.io.tmpdir=C:\Users\ASUS\AppData\Local\Temp\
  - java.library.path=F:\sonar-scanner-3.0.3.778-windows\jre\bin;C:\WINDOWS\Sun\Java\bin;C:\WINDOWS\system32;C:\WINDOWS;D:\Program Files\Java\jdk1.8\bin;D:\Program Files\Java\jdk1.8\jre\bin;D:\Program Files\android-sdk-windows\platform-tools;D:\Program Files\android-sdk-windows\tools;D:\python3.6;D:\python3.6\Scripts;D:\dirver;D:\Program Files\nodejs\;D:\Program Files (x86)\Appium\node_modules\.bin;C:\Windows\System32;C:\Windows;D:\Program Files\android-sdk-windows\build-tools\27.0.3;D:\Program Files\android-sdk-windows;C:\WINDOWS\system32;C:\WINDOWS;C:\WINDOWS\System32\Wbem;C:\WINDOWS\System32\WindowsPowerShell\v1.0\;C:\WINDOWS\System32\OpenSSH\;d:\Program Files (x86)\Tesseract-OCR;d:\Program Files\Git\cmd;D:\Program Files\MySQL\MySQL-Server5.7\bin;F:\sonar-scanner-3.0.3.778-windows\bin;D:\test\Scripts\;D:\test\;C:\Users\ASUS\AppData\Local\Microsoft\WindowsApps;D:\Program Files\Fiddler;C:\Users\ASUS\AppData\Roaming\npm;C:\Users\ASUS\AppData\Local\Microsoft\WindowsApps;C:\Users\ASUS\AppData\Local\GitHubDesktop\bin;.
  - java.runtime.name=Java(TM) SE Runtime Environment
  - java.runtime.version=1.8.0_121-b13
  - java.specification.name=Java Platform API Specification
  - java.specification.vendor=Oracle Corporation
  - java.specification.version=1.8
  - java.vendor=Oracle Corporation
  - java.vendor.url=http://java.oracle.com/
  - java.vendor.url.bug=http://bugreport.sun.com/bugreport/
  - java.version=1.8.0_121
  - java.vm.info=mixed mode
  - java.vm.name=Java HotSpot(TM) 64-Bit Server VM
  - java.vm.specification.name=Java Virtual Machine Specification
  - java.vm.specification.vendor=Oracle Corporation
  - java.vm.specification.version=1.8
  - java.vm.vendor=Oracle Corporation
  - java.vm.version=25.121-b13
  - line.separator=

  - os.arch=amd64
  - os.name=Windows 10
  - os.version=10.0
  - path.separator=;
  - project.home=F:\pydj
  - scanner.home=F:\sonar-scanner-3.0.3.778-windows\bin\..
  - sun.arch.data.model=64
  - sun.boot.class.path=F:\sonar-scanner-3.0.3.778-windows\jre\lib\resources.jar;F:\sonar-scanner-3.0.3.778-windows\jre\lib\rt.jar;F:\sonar-scanner-3.0.3.778-windows\jre\lib\sunrsasign.jar;F:\sonar-scanner-3.0.3.778-windows\jre\lib\jsse.jar;F:\sonar-scanner-3.0.3.778-windows\jre\lib\jce.jar;F:\sonar-scanner-3.0.3.778-windows\jre\lib\charsets.jar;F:\sonar-scanner-3.0.3.778-windows\jre\lib\jfr.jar;F:\sonar-scanner-3.0.3.778-windows\jre\classes
  - sun.boot.library.path=F:\sonar-scanner-3.0.3.778-windows\jre\bin
  - sun.cpu.endian=little
  - sun.cpu.isalist=amd64
  - sun.desktop=windows
  - sun.io.unicode.encoding=UnicodeLittle
  - sun.java.command=org.sonarsource.scanner.cli.Main -X
  - sun.java.launcher=SUN_STANDARD
  - sun.jnu.encoding=GBK
  - sun.management.compiler=HotSpot 64-Bit Tiered Compilers
  - sun.os.patch.level=
  - sun.stderr.encoding=ms936
  - sun.stdout.encoding=ms936
  - user.country=CN
  - user.dir=F:\pydj
  - user.home=C:\Users\ASUS
  - user.language=zh
  - user.name=ASUS
  - user.script=
  - user.timezone=Asia/Shanghai
  - user.variant=
SonarQube plugins:
  - SonarPython 1.10.0.2131 (python)
  - Chinese Pack 1.25 (l10nzh)
  - SonarCSS 1.0.3.724 (cssfamily)
  - JaCoCo 1.0.1.143 (jacoco)
  - SonarGo 1.1.0.1612 (go)
  - SonarKotlin 1.4.0.155 (kotlin)
  - Svn 1.9.0.1295 (scmsvn)
  - SonarJS 5.0.0.6962 (javascript)
  - SonarRuby 1.4.0.155 (ruby)
  - SonarScala 1.4.0.155 (sonarscala)
  - SonarC# 7.9.1.7622 (csharp)
  - SonarJava 5.9.2.16552 (java)
  - LDAP 2.2.0.608 (ldap)
  - Git 1.6.0.1349 (scmgit)
  - SonarFlex 2.4.0.1222 (flex)
  - SonarXML 1.5.1.1452 (xml)
  - SonarPHP 2.15.0.4060 (php)
  - SonarTS 1.8.0.3332 (typescript)
  - SonarVB 7.9.1.7622 (vbnet)
Global properties:
  - sonar.core.id=E7ED0471-AWzNOfDXSqr73_83rqGe
  - sonar.core.startTime=2019-08-26T17:18:00+0800
  - sonar.scm.disabled=true
Settings for module: Testlexin
  - sonar.jdbc.password=******
  - sonar.jdbc.url=jdbc:mysql://localhost:3306/sonardb?useUnicode=true&characterEncoding=utf8&rewriteBatchedStatements=true&useConfigs=maxPerformance
  - sonar.jdbc.username=root
  - sonar.language=py
  - sonar.projectBaseDir=F:\pydj
  - sonar.projectKey=Testlexin
  - sonar.projectName=Testlexin
  - sonar.projectVersion=2.0
  - sonar.sourceEncoding=UTF-8
  - sonar.sources=./app
  - sonar.verbose=true
  - sonar.working.directory=F:\pydj\.scannerwork
